<?xml version="1.0" encoding="UTF-8"?>
<testsuites name="Admission Test suite" time="626.941" tests="4" failures="1" errors="0">
   <testsuite name="Admission Test suite" tests="4" failures="1" errors="0" time="626.941" skipped="0" timestamp="2023-06-14 14:44:14" hostname="Laxman Jagarlamud - LAPTOP-LNCQBP1R" id="Test Suites/Admission Test suite">
      <properties>
         <property name="deviceName" value=""/>
         <property name="devicePlatform" value=""/>
         <property name="logFolder" value="C:\\Users\\Laxman Jagarlamud\\git\\qa-automation-regression-ui\\Reports\\20230614_144401\\Admission Test suite\\20230614_144401"/>
         <property name="logFiles" value="C:\\Users\\Laxman Jagarlamud\\git\\qa-automation-regression-ui\\Reports\\20230614_144401\\Admission Test suite\\20230614_144401\\execution0.log"/>
         <property name="attachments" value=""/>
         <property name="hostName" value="Laxman Jagarlamud - LAPTOP-LNCQBP1R"/>
         <property name="os" value="Windows 11 64bit"/>
         <property name="katalonVersion" value="8.6.5.208"/>
         <property name="browser" value="Chrome 114.0.0.0"/>
         <property name="hostAddress" value="192.168.0.29"/>
         <property name="sessionId" value="d59631439a5211dd92fba44dfd3d607b"/>
         <property name="seleniumVersion" value="3.141.59"/>
         <property name="proxyInformation" value="ProxyInformation { proxyOption=NO_PROXY, proxyServerType=HTTP, username=, password=********, proxyServerAddress=, proxyServerPort=0, executionList=&quot;&quot;, isApplyToDesiredCapabilities=true }"/>
         <property name="platform" value="Windows 11"/>
      </properties>
      <testcase name="Test Cases/Pre-Admission/TC_01_Validate the login" time="58.418" classname="Test Cases/Pre-Admission/TC_01_Validate the login" status="PASSED">
         <system-out><![CDATA[2023-06-14 14:44:15 - [TEST_CASE][PASSED] - Test Cases/Pre-Admission/TC_01_Validate the login: Test Cases/Pre-Admission/TC_01_Validate the login

2023-06-14 14:44:15 - [TEST_STEP][PASSED] - openBrowser(""): Browser is opened with url: ''

2023-06-14 14:44:15 - [MESSAGE][INFO] - Starting 'Chrome' driver

2023-06-14 14:44:16 - [MESSAGE][INFO] - Action delay is set to 0 milliseconds

2023-06-14 14:44:22 - [MESSAGE][PASSED] - Browser is opened with url: ''

2023-06-14 14:44:22 - [TEST_STEP][PASSED] - navigateToUrl(url): Navigate to 'https://regression1.academiaerp.com/' successfully

2023-06-14 14:44:23 - [MESSAGE][PASSED] - Navigate to 'https://regression1.academiaerp.com/' successfully

2023-06-14 14:44:23 - [TEST_STEP][PASSED] - maximizeWindow(): Current window maximized

2023-06-14 14:44:24 - [MESSAGE][PASSED] - Current window maximized

2023-06-14 14:44:24 - [TEST_STEP][PASSED] - click(findTestObject("Object Repository/preadmission/TC_01/Page_Academia/Admin_tab")): Object: 'Object Repository/preadmission/TC_01/Page_Academia/Admin_tab' is clicked on

2023-06-14 14:44:24 - [MESSAGE][PASSED] - Object: 'Object Repository/preadmission/TC_01/Page_Academia/Admin_tab' is clicked on

2023-06-14 14:44:24 - [TEST_STEP][PASSED] - CommonActions.clickOnElementAndTypeText(findTestObject("Object Repository/preadmission/TC_01/Page_Academia/input_Username  Email_email"), Username, "Username textfield"): CommonActions.clickOnElementAndTypeText is PASSED

2023-06-14 14:44:25 - [MESSAGE][PASSED] - Execute JavaScript 'arguments[0].setAttribute('style', 'border: 3px solid red;');' successfully

2023-06-14 14:44:26 - [MESSAGE][PASSED] - Delayed 1 second(s)

2023-06-14 14:44:27 - [MESSAGE][PASSED] - Delayed 1 second(s)

2023-06-14 14:44:28 - [MESSAGE][PASSED] - Keys 'CONTROL + a' sent to object: 'Object Repository/preadmission/TC_01/Page_Academia/input_Username  Email_email'

2023-06-14 14:44:29 - [MESSAGE][PASSED] - Keys 'DELETE + ' sent to object: 'Object Repository/preadmission/TC_01/Page_Academia/input_Username  Email_email'

2023-06-14 14:44:30 - [MESSAGE][PASSED] - Delayed 1 second(s)

2023-06-14 14:44:30 - [MESSAGE][PASSED] - Execute JavaScript 'arguments[0].setAttribute('style', 'border: 2px solid green;');' successfully

2023-06-14 14:44:31 - [MESSAGE][PASSED] - Delayed 1 second(s)

2023-06-14 14:44:31 - [MESSAGE][INFO] - Sent sysadminto the Username textfield

2023-06-14 14:44:31 - [MESSAGE][PASSED] - CommonActions.clickOnElementAndTypeText is PASSED

2023-06-14 14:44:31 - [TEST_STEP][PASSED] - CommonActions.clickOnElementAndTypeText(findTestObject("Object Repository/preadmission/TC_01/Page_Academia/input_Password_password"), Password, "Password textfield"): CommonActions.clickOnElementAndTypeText is PASSED

2023-06-14 14:44:32 - [MESSAGE][PASSED] - Execute JavaScript 'arguments[0].setAttribute('style', 'border: 3px solid red;');' successfully

2023-06-14 14:44:33 - [MESSAGE][PASSED] - Delayed 1 second(s)

2023-06-14 14:44:34 - [MESSAGE][PASSED] - Delayed 1 second(s)

2023-06-14 14:44:34 - [MESSAGE][PASSED] - Keys 'CONTROL + a' sent to object: 'Object Repository/preadmission/TC_01/Page_Academia/input_Password_password'

2023-06-14 14:44:35 - [MESSAGE][PASSED] - Keys 'DELETE + ' sent to object: 'Object Repository/preadmission/TC_01/Page_Academia/input_Password_password'

2023-06-14 14:44:36 - [MESSAGE][PASSED] - Delayed 1 second(s)

2023-06-14 14:44:36 - [MESSAGE][PASSED] - Execute JavaScript 'arguments[0].setAttribute('style', 'border: 2px solid green;');' successfully

2023-06-14 14:44:37 - [MESSAGE][PASSED] - Delayed 1 second(s)

2023-06-14 14:44:37 - [MESSAGE][INFO] - Sent passwordto the Password textfield

2023-06-14 14:44:37 - [MESSAGE][PASSED] - CommonActions.clickOnElementAndTypeText is PASSED

2023-06-14 14:44:37 - [TEST_STEP][PASSED] - CommonActions.elementClick(findTestObject("Object Repository/preadmission/TC_01/Page_Academia/input_Forgot password_signin"), "Sign in button"): Sign in button clicked once

2023-06-14 14:44:38 - [MESSAGE][INFO] - Clicking on Sign in button

2023-06-14 14:44:38 - [MESSAGE][PASSED] - Execute JavaScript 'arguments[0].setAttribute('style', 'border: 3px solid red;');' successfully

2023-06-14 14:44:39 - [MESSAGE][PASSED] - Delayed 1 second(s)

2023-06-14 14:44:39 - [MESSAGE][PASSED] - Sign in button clicked once

2023-06-14 14:44:39 - [TEST_STEP][PASSED] - delay(30): Delayed 30 second(s)

2023-06-14 14:45:09 - [MESSAGE][PASSED] - Delayed 30 second(s)

2023-06-14 14:45:09 - [TEST_STEP][PASSED] - CommonActions.elementPresent(findTestObject("Object Repository/preadmission/TC_01/Page_Academia/label_Administrator"), "Adminstartor portal header"): Delayed 1 second(s)

2023-06-14 14:45:10 - [MESSAGE][INFO] - Validating element present or not

2023-06-14 14:45:10 - [MESSAGE][PASSED] - Object 'Object Repository/preadmission/TC_01/Page_Academia/label_Administrator' is present

2023-06-14 14:45:10 - [MESSAGE][PASSED] - Element clicked once

2023-06-14 14:45:10 - [MESSAGE][INFO] - Adminstartor portal header is present

2023-06-14 14:45:10 - [MESSAGE][PASSED] - Execute JavaScript 'arguments[0].setAttribute('style', 'border: 2px solid green;');' successfully

2023-06-14 14:45:11 - [MESSAGE][PASSED] - Delayed 1 second(s)

2023-06-14 14:45:11 - [TEST_STEP][PASSED] - CommonActions.verifyExactElementText(findTestObject("Object Repository/preadmission/TC_01/Page_Academia/label_Administrator"), AdminPortalHeaderText, "Adminstartor portal header"): Delayed 1 second(s)

2023-06-14 14:45:12 - [MESSAGE][PASSED] - Adminstartor portal headertext is verified

2023-06-14 14:45:12 - [MESSAGE][PASSED] - Execute JavaScript 'arguments[0].setAttribute('style', 'border: 2px solid green;');' successfully

2023-06-14 14:45:13 - [MESSAGE][PASSED] - Delayed 1 second(s)]]></system-out>
         <system-err><![CDATA[]]></system-err>
      </testcase>
      <testcase name="Test Cases/Admission/TC_19_Verified_Add Selection process" time="25.63" classname="Test Cases/Admission/TC_19_Verified_Add Selection process" status="PASSED">
         <system-out><![CDATA[2023-06-14 14:45:13 - [TEST_CASE][PASSED] - Test Cases/Admission/TC_19_Verified_Add Selection process: Test Cases/Admission/TC_19_Verified_Add Selection process

2023-06-14 14:45:14 - [TEST_STEP][PASSED] - mouseOver(findTestObject("Object Repository/Admission/TC_01_ Pre-requisites for Admission/Admissions Tab")): Object: 'Object Repository/Admission/TC_01_ Pre-requisites for Admission/Admissions Tab' is hovered

2023-06-14 14:45:14 - [MESSAGE][PASSED] - Object: 'Object Repository/Admission/TC_01_ Pre-requisites for Admission/Admissions Tab' is hovered

2023-06-14 14:45:14 - [TEST_STEP][PASSED] - CommonActions.elementClick(findTestObject("Object Repository/Admission/TC_01_ Pre-requisites for Admission/Admissions Tab"), "Admissions tab"): Admissions tab clicked once

2023-06-14 14:45:14 - [MESSAGE][INFO] - Clicking on Admissions tab

2023-06-14 14:45:15 - [MESSAGE][PASSED] - Execute JavaScript 'arguments[0].setAttribute('style', 'border: 3px solid red;');' successfully

2023-06-14 14:45:16 - [MESSAGE][PASSED] - Delayed 1 second(s)

2023-06-14 14:45:16 - [MESSAGE][PASSED] - Admissions tab clicked once

2023-06-14 14:45:16 - [TEST_STEP][PASSED] - delay(2): Delayed 2 second(s)

2023-06-14 14:45:18 - [MESSAGE][PASSED] - Delayed 2 second(s)

2023-06-14 14:45:18 - [TEST_STEP][PASSED] - CommonActions.elementClick(findTestObject("Object Repository/Admission/TC_01_ Pre-requisites for Admission/Assesment process"), "Assesment process"): Assesment process clicked once

2023-06-14 14:45:19 - [MESSAGE][INFO] - Clicking on Assesment process

2023-06-14 14:45:19 - [MESSAGE][PASSED] - Execute JavaScript 'arguments[0].setAttribute('style', 'border: 3px solid red;');' successfully

2023-06-14 14:45:20 - [MESSAGE][PASSED] - Delayed 1 second(s)

2023-06-14 14:45:20 - [MESSAGE][PASSED] - Assesment process clicked once

2023-06-14 14:45:20 - [TEST_STEP][PASSED] - CommonActions.elementClick(findTestObject("Object Repository/Admission/CommonObjects/Add button"), "Add button"): Add button clicked once

2023-06-14 14:45:21 - [MESSAGE][INFO] - Clicking on Add button

2023-06-14 14:45:22 - [MESSAGE][PASSED] - Execute JavaScript 'arguments[0].setAttribute('style', 'border: 3px solid red;');' successfully

2023-06-14 14:45:23 - [MESSAGE][PASSED] - Delayed 1 second(s)

2023-06-14 14:45:24 - [MESSAGE][PASSED] - Add button clicked once

2023-06-14 14:45:24 - [TEST_STEP][PASSED] - AssesmentProcessName = CommonActions.randomNameGenerator(): CommonActions.randomNameGenerator is PASSED

2023-06-14 14:45:24 - [MESSAGE][PASSED] - CommonActions.randomNameGenerator is PASSED

2023-06-14 14:45:24 - [TEST_STEP][PASSED] - out.println(AssesmentProcessName): null

2023-06-14 14:45:24 - [TEST_STEP][PASSED] - CommonActions.clickOnElementAndTypeText(findTestObject("Object Repository/Admission/TC_01_ Pre-requisites for Admission/Assesement process name"), AssesmentProcessName, "Asssement name field"): CommonActions.clickOnElementAndTypeText is PASSED

2023-06-14 14:45:25 - [MESSAGE][PASSED] - Execute JavaScript 'arguments[0].setAttribute('style', 'border: 3px solid red;');' successfully

2023-06-14 14:45:26 - [MESSAGE][PASSED] - Delayed 1 second(s)

2023-06-14 14:45:27 - [MESSAGE][PASSED] - Delayed 1 second(s)

2023-06-14 14:45:27 - [MESSAGE][PASSED] - Keys 'CONTROL + a' sent to object: 'Object Repository/Admission/TC_01_ Pre-requisites for Admission/Assesement process name'

2023-06-14 14:45:28 - [MESSAGE][PASSED] - Keys 'DELETE + ' sent to object: 'Object Repository/Admission/TC_01_ Pre-requisites for Admission/Assesement process name'

2023-06-14 14:45:29 - [MESSAGE][PASSED] - Delayed 1 second(s)

2023-06-14 14:45:29 - [MESSAGE][PASSED] - Execute JavaScript 'arguments[0].setAttribute('style', 'border: 2px solid green;');' successfully

2023-06-14 14:45:30 - [MESSAGE][PASSED] - Delayed 1 second(s)

2023-06-14 14:45:30 - [MESSAGE][INFO] - Sent AutomationyKQzSRto the Asssement name field

2023-06-14 14:45:30 - [MESSAGE][PASSED] - CommonActions.clickOnElementAndTypeText is PASSED

2023-06-14 14:45:30 - [TEST_STEP][PASSED] - CommonActions.elementClick(findTestObject("Object Repository/Admission/TC_01_ Pre-requisites for Admission/Assesment process dropdown"), "Assesment process dropdown"): Assesment process dropdown clicked once

2023-06-14 14:45:31 - [MESSAGE][INFO] - Clicking on Assesment process dropdown

2023-06-14 14:45:31 - [MESSAGE][PASSED] - Execute JavaScript 'arguments[0].setAttribute('style', 'border: 3px solid red;');' successfully

2023-06-14 14:45:32 - [MESSAGE][PASSED] - Delayed 1 second(s)

2023-06-14 14:45:32 - [MESSAGE][PASSED] - Assesment process dropdown clicked once

2023-06-14 14:45:32 - [TEST_STEP][PASSED] - CommonActions.elementClick(findTestObject("Object Repository/Admission/TC_01_ Pre-requisites for Admission/Admission option"), "Admission option"): Admission option clicked once

2023-06-14 14:45:33 - [MESSAGE][INFO] - Clicking on Admission option

2023-06-14 14:45:33 - [MESSAGE][PASSED] - Execute JavaScript 'arguments[0].setAttribute('style', 'border: 3px solid red;');' successfully

2023-06-14 14:45:34 - [MESSAGE][PASSED] - Delayed 1 second(s)

2023-06-14 14:45:34 - [MESSAGE][PASSED] - Admission option clicked once

2023-06-14 14:45:34 - [TEST_STEP][PASSED] - CommonActions.elementClick(findTestObject("Object Repository/Admission/CommonObjects/Save button"), "Save button"): Save button clicked once

2023-06-14 14:45:35 - [MESSAGE][INFO] - Clicking on Save button

2023-06-14 14:45:35 - [MESSAGE][PASSED] - Execute JavaScript 'arguments[0].setAttribute('style', 'border: 3px solid red;');' successfully

2023-06-14 14:45:36 - [MESSAGE][PASSED] - Delayed 1 second(s)

2023-06-14 14:45:36 - [MESSAGE][PASSED] - Save button clicked once

2023-06-14 14:45:36 - [TEST_STEP][PASSED] - CommonActions.elementPresent(findTestObject("Object Repository/Admission/TC_01_ Pre-requisites for Admission/Record added alert"), "Assesment name added alert"): Delayed 1 second(s)

2023-06-14 14:45:37 - [MESSAGE][INFO] - Validating element present or not

2023-06-14 14:45:37 - [MESSAGE][PASSED] - Object 'Object Repository/Admission/TC_01_ Pre-requisites for Admission/Record added alert' is present

2023-06-14 14:45:37 - [MESSAGE][PASSED] - Element clicked once

2023-06-14 14:45:37 - [MESSAGE][INFO] - Assesment name added alert is present

2023-06-14 14:45:38 - [MESSAGE][PASSED] - Execute JavaScript 'arguments[0].setAttribute('style', 'border: 2px solid green;');' successfully

2023-06-14 14:45:39 - [MESSAGE][PASSED] - Delayed 1 second(s)]]></system-out>
         <system-err><![CDATA[]]></system-err>
      </testcase>
      <testcase name="Test Cases/Admission/TC_23_Verified_Verify Selection process stages" time="38.886" classname="Test Cases/Admission/TC_23_Verified_Verify Selection process stages" status="PASSED">
         <system-out><![CDATA[2023-06-14 14:45:39 - [TEST_CASE][PASSED] - Test Cases/Admission/TC_23_Verified_Verify Selection process stages: Test Cases/Admission/TC_23_Verified_Verify Selection process stages

2023-06-14 14:45:39 - [TEST_STEP][PASSED] - CommonActions.elementClick(findTestObject("Object Repository/Admission/CommonObjects/Add button"), "Add button"): Add button clicked once

2023-06-14 14:45:40 - [MESSAGE][INFO] - Clicking on Add button

2023-06-14 14:45:40 - [MESSAGE][PASSED] - Execute JavaScript 'arguments[0].setAttribute('style', 'border: 3px solid red;');' successfully

2023-06-14 14:45:41 - [MESSAGE][PASSED] - Delayed 1 second(s)

2023-06-14 14:45:42 - [MESSAGE][PASSED] - Add button clicked once

2023-06-14 14:45:42 - [TEST_STEP][PASSED] - AssesmentProcessNameWithStage = CommonActions.randomNameGenerator(): CommonActions.randomNameGenerator is PASSED

2023-06-14 14:45:42 - [MESSAGE][PASSED] - CommonActions.randomNameGenerator is PASSED

2023-06-14 14:45:42 - [TEST_STEP][PASSED] - out.println(AssesmentProcessNameWithStage): null

2023-06-14 14:45:42 - [TEST_STEP][PASSED] - CommonActions.clickOnElementAndTypeText(findTestObject("Object Repository/Admission/TC_01_ Pre-requisites for Admission/Assesement process name"), AssesmentProcessNameWithStage, "Asssement name field"): CommonActions.clickOnElementAndTypeText is PASSED

2023-06-14 14:45:43 - [MESSAGE][PASSED] - Execute JavaScript 'arguments[0].setAttribute('style', 'border: 3px solid red;');' successfully

2023-06-14 14:45:44 - [MESSAGE][PASSED] - Delayed 1 second(s)

2023-06-14 14:45:45 - [MESSAGE][PASSED] - Delayed 1 second(s)

2023-06-14 14:45:45 - [MESSAGE][PASSED] - Keys 'CONTROL + a' sent to object: 'Object Repository/Admission/TC_01_ Pre-requisites for Admission/Assesement process name'

2023-06-14 14:45:46 - [MESSAGE][PASSED] - Keys 'DELETE + ' sent to object: 'Object Repository/Admission/TC_01_ Pre-requisites for Admission/Assesement process name'

2023-06-14 14:45:47 - [MESSAGE][PASSED] - Delayed 1 second(s)

2023-06-14 14:45:47 - [MESSAGE][PASSED] - Execute JavaScript 'arguments[0].setAttribute('style', 'border: 2px solid green;');' successfully

2023-06-14 14:45:48 - [MESSAGE][PASSED] - Delayed 1 second(s)

2023-06-14 14:45:48 - [MESSAGE][INFO] - Sent AutomationwTirUPto the Asssement name field

2023-06-14 14:45:48 - [MESSAGE][PASSED] - CommonActions.clickOnElementAndTypeText is PASSED

2023-06-14 14:45:48 - [TEST_STEP][PASSED] - CommonActions.elementClick(findTestObject("Object Repository/Admission/TC_01_ Pre-requisites for Admission/Assesment process dropdown"), "Assesment process dropdown"): Assesment process dropdown clicked once

2023-06-14 14:45:49 - [MESSAGE][INFO] - Clicking on Assesment process dropdown

2023-06-14 14:45:49 - [MESSAGE][PASSED] - Execute JavaScript 'arguments[0].setAttribute('style', 'border: 3px solid red;');' successfully

2023-06-14 14:45:50 - [MESSAGE][PASSED] - Delayed 1 second(s)

2023-06-14 14:45:50 - [MESSAGE][PASSED] - Assesment process dropdown clicked once

2023-06-14 14:45:50 - [TEST_STEP][PASSED] - CommonActions.elementClick(findTestObject("Object Repository/Admission/TC_01_ Pre-requisites for Admission/Admission option"), "Admission option"): Admission option clicked once

2023-06-14 14:45:51 - [MESSAGE][INFO] - Clicking on Admission option

2023-06-14 14:45:51 - [MESSAGE][PASSED] - Execute JavaScript 'arguments[0].setAttribute('style', 'border: 3px solid red;');' successfully

2023-06-14 14:45:52 - [MESSAGE][PASSED] - Delayed 1 second(s)

2023-06-14 14:45:52 - [MESSAGE][PASSED] - Admission option clicked once

2023-06-14 14:45:52 - [TEST_STEP][PASSED] - CommonActions.elementClick(findTestObject("Object Repository/Admission/CommonObjects/Save button"), "Save button"): Save button clicked once

2023-06-14 14:45:53 - [MESSAGE][INFO] - Clicking on Save button

2023-06-14 14:45:53 - [MESSAGE][PASSED] - Execute JavaScript 'arguments[0].setAttribute('style', 'border: 3px solid red;');' successfully

2023-06-14 14:45:54 - [MESSAGE][PASSED] - Delayed 1 second(s)

2023-06-14 14:45:55 - [MESSAGE][PASSED] - Save button clicked once

2023-06-14 14:45:55 - [TEST_STEP][PASSED] - CommonActions.elementPresent(findTestObject("Object Repository/Admission/TC_01_ Pre-requisites for Admission/Record added alert"), "Assesment name added alert"): Delayed 1 second(s)

2023-06-14 14:45:55 - [MESSAGE][INFO] - Validating element present or not

2023-06-14 14:45:56 - [MESSAGE][PASSED] - Object 'Object Repository/Admission/TC_01_ Pre-requisites for Admission/Record added alert' is present

2023-06-14 14:45:56 - [MESSAGE][PASSED] - Element clicked once

2023-06-14 14:45:56 - [MESSAGE][INFO] - Assesment name added alert is present

2023-06-14 14:45:56 - [MESSAGE][PASSED] - Execute JavaScript 'arguments[0].setAttribute('style', 'border: 2px solid green;');' successfully

2023-06-14 14:45:57 - [MESSAGE][PASSED] - Delayed 1 second(s)

2023-06-14 14:45:57 - [TEST_STEP][PASSED] - CommonActions.selectLastRow(findTestObject("Object Repository/Admission/TC_20_Verified_Edit_selection process/List of Assesment")): CommonActions.selectLastRow is PASSED

2023-06-14 14:46:00 - [MESSAGE][PASSED] - Delayed 2 second(s)

2023-06-14 14:46:00 - [MESSAGE][PASSED] - CommonActions.selectLastRow is PASSED

2023-06-14 14:46:00 - [TEST_STEP][PASSED] - CommonActions.elementClick(findTestObject("Object Repository/Admission/CommonObjects/Edit Buttton"), "Edit last row"): Edit last row clicked once

2023-06-14 14:46:00 - [MESSAGE][INFO] - Clicking on Edit last row

2023-06-14 14:46:00 - [MESSAGE][PASSED] - Execute JavaScript 'arguments[0].setAttribute('style', 'border: 3px solid red;');' successfully

2023-06-14 14:46:01 - [MESSAGE][PASSED] - Delayed 1 second(s)

2023-06-14 14:46:03 - [MESSAGE][PASSED] - Edit last row clicked once

2023-06-14 14:46:03 - [TEST_STEP][PASSED] - CommonActions.elementClick(findTestObject("Object Repository/Admission/CommonObjects/Nested Tab Add button"), "Add button"): Add button clicked once

2023-06-14 14:46:03 - [MESSAGE][INFO] - Clicking on Add button

2023-06-14 14:46:04 - [MESSAGE][PASSED] - Execute JavaScript 'arguments[0].setAttribute('style', 'border: 3px solid red;');' successfully

2023-06-14 14:46:05 - [MESSAGE][PASSED] - Delayed 1 second(s)

2023-06-14 14:46:05 - [MESSAGE][PASSED] - Add button clicked once

2023-06-14 14:46:05 - [TEST_STEP][PASSED] - CommonActions.clickOnElementAndTypeText(findTestObject("Object Repository/Admission/TC_37_Pre-requisites Assesment process creation with Stage/Stage ID dropdown"), "Assessment Stage", "Stage Dropdowm"): CommonActions.clickOnElementAndTypeText is PASSED

2023-06-14 14:46:06 - [MESSAGE][PASSED] - Execute JavaScript 'arguments[0].setAttribute('style', 'border: 3px solid red;');' successfully

2023-06-14 14:46:07 - [MESSAGE][PASSED] - Delayed 1 second(s)

2023-06-14 14:46:08 - [MESSAGE][PASSED] - Delayed 1 second(s)

2023-06-14 14:46:08 - [MESSAGE][PASSED] - Keys 'CONTROL + a' sent to object: 'Object Repository/Admission/TC_37_Pre-requisites Assesment process creation with Stage/Stage ID dropdown'

2023-06-14 14:46:09 - [MESSAGE][PASSED] - Keys 'DELETE + ' sent to object: 'Object Repository/Admission/TC_37_Pre-requisites Assesment process creation with Stage/Stage ID dropdown'

2023-06-14 14:46:10 - [MESSAGE][PASSED] - Delayed 1 second(s)

2023-06-14 14:46:10 - [MESSAGE][PASSED] - Execute JavaScript 'arguments[0].setAttribute('style', 'border: 2px solid green;');' successfully

2023-06-14 14:46:11 - [MESSAGE][PASSED] - Delayed 1 second(s)

2023-06-14 14:46:11 - [MESSAGE][INFO] - Sent Assessment Stageto the Stage Dropdowm

2023-06-14 14:46:11 - [MESSAGE][PASSED] - CommonActions.clickOnElementAndTypeText is PASSED

2023-06-14 14:46:11 - [TEST_STEP][PASSED] - sendKeys(findTestObject("Object Repository/Admission/TC_37_Pre-requisites Assesment process creation with Stage/Stage ID dropdown"), Keys.chord(ENTER)): Keys 'ENTER + ' sent to object: 'Object Repository/Admission/TC_37_Pre-requisites Assesment process creation with Stage/Stage ID dropdown'

2023-06-14 14:46:12 - [MESSAGE][PASSED] - Keys 'ENTER + ' sent to object: 'Object Repository/Admission/TC_37_Pre-requisites Assesment process creation with Stage/Stage ID dropdown'

2023-06-14 14:46:12 - [TEST_STEP][PASSED] - delay(2): Delayed 2 second(s)

2023-06-14 14:46:14 - [MESSAGE][PASSED] - Delayed 2 second(s)

2023-06-14 14:46:14 - [TEST_STEP][PASSED] - CommonActions.elementClick(findTestObject("Object Repository/Admission/TC_37_Pre-requisites Assesment process creation with Stage/Expected Number of days stage"), "Number of days"): Number of days clicked once

2023-06-14 14:46:14 - [MESSAGE][INFO] - Clicking on Number of days

2023-06-14 14:46:14 - [MESSAGE][PASSED] - Execute JavaScript 'arguments[0].setAttribute('style', 'border: 3px solid red;');' successfully

2023-06-14 14:46:15 - [MESSAGE][PASSED] - Delayed 1 second(s)

2023-06-14 14:46:16 - [MESSAGE][PASSED] - Number of days clicked once

2023-06-14 14:46:16 - [TEST_STEP][PASSED] - CommonActions.elementClick(findTestObject("Object Repository/Admission/CommonObjects/Submit Button Floating Window"), "Submit button"): Submit button clicked once

2023-06-14 14:46:16 - [MESSAGE][INFO] - Clicking on Submit button

2023-06-14 14:46:17 - [MESSAGE][PASSED] - Execute JavaScript 'arguments[0].setAttribute('style', 'border: 3px solid red;');' successfully

2023-06-14 14:46:18 - [MESSAGE][PASSED] - Delayed 1 second(s)

2023-06-14 14:46:18 - [MESSAGE][PASSED] - Submit button clicked once]]></system-out>
         <system-err><![CDATA[]]></system-err>
      </testcase>
      <testcase name="Test Cases/Admission/TC_24_Verified_Edit Selection process stages" time="125.709" classname="Test Cases/Admission/TC_24_Verified_Edit Selection process stages" status="FAILED">
         <failure type="FAILED" message="Test Cases/Admission/TC_24_Verified_Edit Selection process stages FAILED.
Reason:
com.kms.katalon.core.exception.StepFailedException: First row from data not present or visible
	at com.kms.katalon.core.util.KeywordUtil.markFailed(KeywordUtil.java:19)
	at com.kms.katalon.core.util.KeywordUtil$markFailed$1.call(Unknown Source)
	at CommonActions.highlightElementred(CommonActions.groovy:161)
	at CommonActions.elementClick(CommonActions.groovy:38)
	at CommonActions.invokeMethod(CommonActions.groovy)
	at com.kms.katalon.core.main.CustomKeywordDelegatingMetaClass.invokeStaticMethod(CustomKeywordDelegatingMetaClass.java:55)
	at TC_24_Verified_Edit Selection process stages.run(TC_24_Verified_Edit Selection process stages:20)
	at com.kms.katalon.core.main.ScriptEngine.run(ScriptEngine.java:194)
	at com.kms.katalon.core.main.ScriptEngine.runScriptAsRawText(ScriptEngine.java:119)
	at com.kms.katalon.core.main.TestCaseExecutor.runScript(TestCaseExecutor.java:448)
	at com.kms.katalon.core.main.TestCaseExecutor.doExecute(TestCaseExecutor.java:439)
	at com.kms.katalon.core.main.TestCaseExecutor.processExecutionPhase(TestCaseExecutor.java:418)
	at com.kms.katalon.core.main.TestCaseExecutor.accessMainPhase(TestCaseExecutor.java:410)
	at com.kms.katalon.core.main.TestCaseExecutor.execute(TestCaseExecutor.java:285)
	at com.kms.katalon.core.main.TestCaseExecutor.execute(TestCaseExecutor.java:369)
	at com.kms.katalon.core.main.TestCaseExecutor.execute(TestCaseExecutor.java:369)
	at com.kms.katalon.core.main.TestCaseExecutor.execute(TestCaseExecutor.java:369)
	at com.kms.katalon.core.common.CommonExecutor.accessTestCaseMainPhase(CommonExecutor.java:65)
	at com.kms.katalon.core.main.TestSuiteExecutor.accessTestSuiteMainPhase(TestSuiteExecutor.java:148)
	at com.kms.katalon.core.main.TestSuiteExecutor.execute(TestSuiteExecutor.java:106)
	at com.kms.katalon.core.main.TestCaseMain.startTestSuite(TestCaseMain.java:187)
	at com.kms.katalon.core.main.TestCaseMain$startTestSuite$0.call(Unknown Source)
	at TempTestSuite1686734041173.run(TempTestSuite1686734041173.groovy:36)
"/>
         <system-out><![CDATA[2023-06-14 14:52:36 - [TEST_CASE][FAILED] - Test Cases/Admission/TC_24_Verified_Edit Selection process stages: Test Cases/Admission/TC_24_Verified_Edit Selection process stages FAILED.
Reason:
com.kms.katalon.core.exception.StepFailedException: First row from data not present or visible
	at com.kms.katalon.core.util.KeywordUtil.markFailed(KeywordUtil.java:19)
	at com.kms.katalon.core.util.KeywordUtil$markFailed$1.call(Unknown Source)
	at CommonActions.highlightElementred(CommonActions.groovy:161)
	at CommonActions.elementClick(CommonActions.groovy:38)
	at CommonActions.invokeMethod(CommonActions.groovy)
	at com.kms.katalon.core.main.CustomKeywordDelegatingMetaClass.invokeStaticMethod(CustomKeywordDelegatingMetaClass.java:55)
	at TC_24_Verified_Edit Selection process stages.run(TC_24_Verified_Edit Selection process stages:20)
	at com.kms.katalon.core.main.ScriptEngine.run(ScriptEngine.java:194)
	at com.kms.katalon.core.main.ScriptEngine.runScriptAsRawText(ScriptEngine.java:119)
	at com.kms.katalon.core.main.TestCaseExecutor.runScript(TestCaseExecutor.java:448)
	at com.kms.katalon.core.main.TestCaseExecutor.doExecute(TestCaseExecutor.java:439)
	at com.kms.katalon.core.main.TestCaseExecutor.processExecutionPhase(TestCaseExecutor.java:418)
	at com.kms.katalon.core.main.TestCaseExecutor.accessMainPhase(TestCaseExecutor.java:410)
	at com.kms.katalon.core.main.TestCaseExecutor.execute(TestCaseExecutor.java:285)
	at com.kms.katalon.core.main.TestCaseExecutor.execute(TestCaseExecutor.java:369)
	at com.kms.katalon.core.main.TestCaseExecutor.execute(TestCaseExecutor.java:369)
	at com.kms.katalon.core.main.TestCaseExecutor.execute(TestCaseExecutor.java:369)
	at com.kms.katalon.core.common.CommonExecutor.accessTestCaseMainPhase(CommonExecutor.java:65)
	at com.kms.katalon.core.main.TestSuiteExecutor.accessTestSuiteMainPhase(TestSuiteExecutor.java:148)
	at com.kms.katalon.core.main.TestSuiteExecutor.execute(TestSuiteExecutor.java:106)
	at com.kms.katalon.core.main.TestCaseMain.startTestSuite(TestCaseMain.java:187)
	at com.kms.katalon.core.main.TestCaseMain$startTestSuite$0.call(Unknown Source)
	at TempTestSuite1686734041173.run(TempTestSuite1686734041173.groovy:36)


2023-06-14 14:52:36 - [TEST_STEP][FAILED] - CommonActions.elementClick(findTestObject("Object Repository/Admission/CommonObjects/Row Selection"), "First row from data"): com.kms.katalon.core.exception.StepFailedException: First row from data not present or visible

2023-06-14 14:52:36 - [MESSAGE][INFO] - Clicking on First row from data

2023-06-14 14:52:36 - [MESSAGE][FAILED] - First row from data not present or visible

2023-06-14 14:52:36 - [MESSAGE][FAILED] - Failed to click on First row from data

2023-06-14 14:52:37 - [MESSAGE][FAILED] - First row from data not present or visible

2023-06-14 14:52:37 - [MESSAGE][FAILED] - com.kms.katalon.core.exception.StepFailedException: First row from data not present or visible

2023-06-14 14:52:37 - [TEST_STEP][FAILED] - CommonActions.elementClick(findTestObject("Object Repository/Admission/CommonObjects/Edit Buttton"), "Edit first row"): com.kms.katalon.core.exception.StepFailedException: Edit first row not present or visible

2023-06-14 14:52:37 - [MESSAGE][INFO] - Clicking on Edit first row

2023-06-14 14:52:37 - [MESSAGE][FAILED] - Edit first row not present or visible

2023-06-14 14:52:37 - [MESSAGE][FAILED] - Failed to click on Edit first row

2023-06-14 14:52:38 - [MESSAGE][FAILED] - Edit first row not present or visible

2023-06-14 14:52:38 - [MESSAGE][FAILED] - com.kms.katalon.core.exception.StepFailedException: Edit first row not present or visible

2023-06-14 14:52:38 - [TEST_STEP][FAILED] - CommonActions.clickOnElementAndTypeText(findTestObject("Object Repository/Admission/TC_24_Verified_Edit Selection process stages/Remark"), "Test stage confguration", "Remark field"): com.kms.katalon.core.exception.StepFailedException: Remark field not present or visible

2023-06-14 14:53:09 - [MESSAGE][INFO] - Unable to find the element located by 'By.xpath: textarea[name ='remark']'. Please recheck the objects properties to make sure the desired element is located. 

2023-06-14 14:53:09 - [MESSAGE][FAILED] - Remark field not present or visible

2023-06-14 14:53:09 - [MESSAGE][FAILED] - com.kms.katalon.core.exception.StepFailedException: Remark field not present or visible

2023-06-14 14:53:09 - [TEST_STEP][FAILED] - CommonActions.elementClick(findTestObject("Object Repository/Admission/CommonObjects/Submit Button Floating Window"), "sumbit button"): com.kms.katalon.core.exception.StepFailedException: Failed to click on sumbit button

2023-06-14 14:54:10 - [MESSAGE][INFO] - Unable to find the element located by 'By.xpath: //body//div[contains(@class,'x-window') and contains(@style,'opacity: 1')]//span[text() = 'Submit']/..'. Please recheck the objects properties to make sure the desired element is located. 

2023-06-14 14:54:10 - [MESSAGE][FAILED] - Failed to click on sumbit button

2023-06-14 14:54:41 - [MESSAGE][INFO] - Unable to find the element located by 'By.xpath: //body//div[contains(@class,'x-window') and contains(@style,'opacity: 1')]//span[text() = 'Submit']/..'. Please recheck the objects properties to make sure the desired element is located. 

2023-06-14 14:54:41 - [MESSAGE][FAILED] - sumbit button not present or visible

2023-06-14 14:54:41 - [MESSAGE][FAILED] - com.kms.katalon.core.exception.StepFailedException: Failed to click on sumbit button]]></system-out>
         <system-err><![CDATA[2023-06-14 14:52:36 - [TEST_CASE][FAILED] - Test Cases/Admission/TC_24_Verified_Edit Selection process stages: Test Cases/Admission/TC_24_Verified_Edit Selection process stages FAILED.
Reason:
com.kms.katalon.core.exception.StepFailedException: First row from data not present or visible
	at com.kms.katalon.core.util.KeywordUtil.markFailed(KeywordUtil.java:19)
	at com.kms.katalon.core.util.KeywordUtil$markFailed$1.call(Unknown Source)
	at CommonActions.highlightElementred(CommonActions.groovy:161)
	at CommonActions.elementClick(CommonActions.groovy:38)
	at CommonActions.invokeMethod(CommonActions.groovy)
	at com.kms.katalon.core.main.CustomKeywordDelegatingMetaClass.invokeStaticMethod(CustomKeywordDelegatingMetaClass.java:55)
	at TC_24_Verified_Edit Selection process stages.run(TC_24_Verified_Edit Selection process stages:20)
	at com.kms.katalon.core.main.ScriptEngine.run(ScriptEngine.java:194)
	at com.kms.katalon.core.main.ScriptEngine.runScriptAsRawText(ScriptEngine.java:119)
	at com.kms.katalon.core.main.TestCaseExecutor.runScript(TestCaseExecutor.java:448)
	at com.kms.katalon.core.main.TestCaseExecutor.doExecute(TestCaseExecutor.java:439)
	at com.kms.katalon.core.main.TestCaseExecutor.processExecutionPhase(TestCaseExecutor.java:418)
	at com.kms.katalon.core.main.TestCaseExecutor.accessMainPhase(TestCaseExecutor.java:410)
	at com.kms.katalon.core.main.TestCaseExecutor.execute(TestCaseExecutor.java:285)
	at com.kms.katalon.core.main.TestCaseExecutor.execute(TestCaseExecutor.java:369)
	at com.kms.katalon.core.main.TestCaseExecutor.execute(TestCaseExecutor.java:369)
	at com.kms.katalon.core.main.TestCaseExecutor.execute(TestCaseExecutor.java:369)
	at com.kms.katalon.core.common.CommonExecutor.accessTestCaseMainPhase(CommonExecutor.java:65)
	at com.kms.katalon.core.main.TestSuiteExecutor.accessTestSuiteMainPhase(TestSuiteExecutor.java:148)
	at com.kms.katalon.core.main.TestSuiteExecutor.execute(TestSuiteExecutor.java:106)
	at com.kms.katalon.core.main.TestCaseMain.startTestSuite(TestCaseMain.java:187)
	at com.kms.katalon.core.main.TestCaseMain$startTestSuite$0.call(Unknown Source)
	at TempTestSuite1686734041173.run(TempTestSuite1686734041173.groovy:36)]]></system-err>
      </testcase>
      <system-out><![CDATA[2023-06-14 14:44:14 - [TEST_SUITE][FAILED] - Admission Test suite: Test Cases/Admission/TC_24_Verified_Edit Selection process stages FAILED.
Reason:
com.kms.katalon.core.exception.StepFailedException: First row from data not present or visible
	at com.kms.katalon.core.util.KeywordUtil.markFailed(KeywordUtil.java:19)
	at com.kms.katalon.core.util.KeywordUtil$markFailed$1.call(Unknown Source)
	at CommonActions.highlightElementred(CommonActions.groovy:161)
	at CommonActions.elementClick(CommonActions.groovy:38)
	at CommonActions.invokeMethod(CommonActions.groovy)
	at com.kms.katalon.core.main.CustomKeywordDelegatingMetaClass.invokeStaticMethod(CustomKeywordDelegatingMetaClass.java:55)
	at TC_24_Verified_Edit Selection process stages.run(TC_24_Verified_Edit Selection process stages:20)
	at com.kms.katalon.core.main.ScriptEngine.run(ScriptEngine.java:194)
	at com.kms.katalon.core.main.ScriptEngine.runScriptAsRawText(ScriptEngine.java:119)
	at com.kms.katalon.core.main.TestCaseExecutor.runScript(TestCaseExecutor.java:448)
	at com.kms.katalon.core.main.TestCaseExecutor.doExecute(TestCaseExecutor.java:439)
	at com.kms.katalon.core.main.TestCaseExecutor.processExecutionPhase(TestCaseExecutor.java:418)
	at com.kms.katalon.core.main.TestCaseExecutor.accessMainPhase(TestCaseExecutor.java:410)
	at com.kms.katalon.core.main.TestCaseExecutor.execute(TestCaseExecutor.java:285)
	at com.kms.katalon.core.common.CommonExecutor.accessTestCaseMainPhase(CommonExecutor.java:65)
	at com.kms.katalon.core.main.TestSuiteExecutor.accessTestSuiteMainPhase(TestSuiteExecutor.java:148)
	at com.kms.katalon.core.main.TestSuiteExecutor.execute(TestSuiteExecutor.java:106)
	at com.kms.katalon.core.main.TestCaseMain.startTestSuite(TestCaseMain.java:187)
	at com.kms.katalon.core.main.TestCaseMain$startTestSuite$0.call(Unknown Source)
	at TempTestSuite1686734041173.run(TempTestSuite1686734041173.groovy:36)]]></system-out>
      <system-err><![CDATA[2023-06-14 14:44:14 - [TEST_SUITE][FAILED] - Admission Test suite: Test Cases/Admission/TC_24_Verified_Edit Selection process stages FAILED.
Reason:
com.kms.katalon.core.exception.StepFailedException: First row from data not present or visible
	at com.kms.katalon.core.util.KeywordUtil.markFailed(KeywordUtil.java:19)
	at com.kms.katalon.core.util.KeywordUtil$markFailed$1.call(Unknown Source)
	at CommonActions.highlightElementred(CommonActions.groovy:161)
	at CommonActions.elementClick(CommonActions.groovy:38)
	at CommonActions.invokeMethod(CommonActions.groovy)
	at com.kms.katalon.core.main.CustomKeywordDelegatingMetaClass.invokeStaticMethod(CustomKeywordDelegatingMetaClass.java:55)
	at TC_24_Verified_Edit Selection process stages.run(TC_24_Verified_Edit Selection process stages:20)
	at com.kms.katalon.core.main.ScriptEngine.run(ScriptEngine.java:194)
	at com.kms.katalon.core.main.ScriptEngine.runScriptAsRawText(ScriptEngine.java:119)
	at com.kms.katalon.core.main.TestCaseExecutor.runScript(TestCaseExecutor.java:448)
	at com.kms.katalon.core.main.TestCaseExecutor.doExecute(TestCaseExecutor.java:439)
	at com.kms.katalon.core.main.TestCaseExecutor.processExecutionPhase(TestCaseExecutor.java:418)
	at com.kms.katalon.core.main.TestCaseExecutor.accessMainPhase(TestCaseExecutor.java:410)
	at com.kms.katalon.core.main.TestCaseExecutor.execute(TestCaseExecutor.java:285)
	at com.kms.katalon.core.common.CommonExecutor.accessTestCaseMainPhase(CommonExecutor.java:65)
	at com.kms.katalon.core.main.TestSuiteExecutor.accessTestSuiteMainPhase(TestSuiteExecutor.java:148)
	at com.kms.katalon.core.main.TestSuiteExecutor.execute(TestSuiteExecutor.java:106)
	at com.kms.katalon.core.main.TestCaseMain.startTestSuite(TestCaseMain.java:187)
	at com.kms.katalon.core.main.TestCaseMain$startTestSuite$0.call(Unknown Source)
	at TempTestSuite1686734041173.run(TempTestSuite1686734041173.groovy:36)]]></system-err>
   </testsuite>
</testsuites>
